{
	"meta": {
		"format": 3,
		"version": "7.10.2",
		"timestamp": "2025-08-12T14:55:11.762029",
		"branch_coverage": false,
		"show_contexts": false
	},
	"files": {
		"verifflowcc/__init__.py": {
			"executed_lines": [1, 7],
			"summary": {
				"covered_lines": 1,
				"num_statements": 1,
				"percent_covered": 100.0,
				"percent_covered_display": "100",
				"missing_lines": 0,
				"excluded_lines": 0
			},
			"missing_lines": [],
			"excluded_lines": [],
			"functions": {
				"": {
					"executed_lines": [1, 7],
					"summary": {
						"covered_lines": 1,
						"num_statements": 1,
						"percent_covered": 100.0,
						"percent_covered_display": "100",
						"missing_lines": 0,
						"excluded_lines": 0
					},
					"missing_lines": [],
					"excluded_lines": []
				}
			},
			"classes": {
				"": {
					"executed_lines": [1, 7],
					"summary": {
						"covered_lines": 1,
						"num_statements": 1,
						"percent_covered": 100.0,
						"percent_covered_display": "100",
						"missing_lines": 0,
						"excluded_lines": 0
					},
					"missing_lines": [],
					"excluded_lines": []
				}
			}
		},
		"verifflowcc/core/__init__.py": {
			"executed_lines": [1],
			"summary": {
				"covered_lines": 0,
				"num_statements": 0,
				"percent_covered": 100.0,
				"percent_covered_display": "100",
				"missing_lines": 0,
				"excluded_lines": 0
			},
			"missing_lines": [],
			"excluded_lines": [],
			"functions": {
				"": {
					"executed_lines": [1],
					"summary": {
						"covered_lines": 0,
						"num_statements": 0,
						"percent_covered": 100.0,
						"percent_covered_display": "100",
						"missing_lines": 0,
						"excluded_lines": 0
					},
					"missing_lines": [],
					"excluded_lines": []
				}
			},
			"classes": {
				"": {
					"executed_lines": [1],
					"summary": {
						"covered_lines": 0,
						"num_statements": 0,
						"percent_covered": 100.0,
						"percent_covered_display": "100",
						"missing_lines": 0,
						"excluded_lines": 0
					},
					"missing_lines": [],
					"excluded_lines": []
				}
			}
		},
		"verifflowcc/core/path_config.py": {
			"executed_lines": [
				1, 8, 9, 10, 11, 12, 14, 17, 18, 28, 36, 38, 39, 41, 44, 47, 48, 51, 52,
				54, 56, 57, 59, 61, 62, 64, 66, 67, 69, 72, 73, 75, 77, 78, 80, 82, 83,
				85, 87, 88, 90, 92, 105, 108, 109, 112, 113, 115, 117, 119, 121, 129,
				132, 133, 134, 135, 138, 139, 140, 145, 146, 148, 149, 154, 155, 157,
				170, 171, 172, 173, 174, 176, 178, 185, 189, 190, 193, 195, 196, 200,
				209, 210, 211, 216, 217, 219, 220, 229, 234, 236, 237, 238, 247, 248,
				250, 251, 255, 257, 259, 261, 263, 265, 267, 269, 271, 273
			],
			"summary": {
				"covered_lines": 104,
				"num_statements": 109,
				"percent_covered": 95.41284403669725,
				"percent_covered_display": "95",
				"missing_lines": 5,
				"excluded_lines": 0
			},
			"missing_lines": [186, 198, 230, 232, 260],
			"excluded_lines": [],
			"functions": {
				"PathConfig.__init__": {
					"executed_lines": [36, 38, 39, 41, 44, 47, 48],
					"summary": {
						"covered_lines": 7,
						"num_statements": 7,
						"percent_covered": 100.0,
						"percent_covered_display": "100",
						"missing_lines": 0,
						"excluded_lines": 0
					},
					"missing_lines": [],
					"excluded_lines": []
				},
				"PathConfig.config_path": {
					"executed_lines": [54],
					"summary": {
						"covered_lines": 1,
						"num_statements": 1,
						"percent_covered": 100.0,
						"percent_covered_display": "100",
						"missing_lines": 0,
						"excluded_lines": 0
					},
					"missing_lines": [],
					"excluded_lines": []
				},
				"PathConfig.state_path": {
					"executed_lines": [59],
					"summary": {
						"covered_lines": 1,
						"num_statements": 1,
						"percent_covered": 100.0,
						"percent_covered_display": "100",
						"missing_lines": 0,
						"excluded_lines": 0
					},
					"missing_lines": [],
					"excluded_lines": []
				},
				"PathConfig.backlog_path": {
					"executed_lines": [64],
					"summary": {
						"covered_lines": 1,
						"num_statements": 1,
						"percent_covered": 100.0,
						"percent_covered_display": "100",
						"missing_lines": 0,
						"excluded_lines": 0
					},
					"missing_lines": [],
					"excluded_lines": []
				},
				"PathConfig.architecture_path": {
					"executed_lines": [69],
					"summary": {
						"covered_lines": 1,
						"num_statements": 1,
						"percent_covered": 100.0,
						"percent_covered_display": "100",
						"missing_lines": 0,
						"excluded_lines": 0
					},
					"missing_lines": [],
					"excluded_lines": []
				},
				"PathConfig.requirements_dir": {
					"executed_lines": [75],
					"summary": {
						"covered_lines": 1,
						"num_statements": 1,
						"percent_covered": 100.0,
						"percent_covered_display": "100",
						"missing_lines": 0,
						"excluded_lines": 0
					},
					"missing_lines": [],
					"excluded_lines": []
				},
				"PathConfig.c4_diagrams_dir": {
					"executed_lines": [80],
					"summary": {
						"covered_lines": 1,
						"num_statements": 1,
						"percent_covered": 100.0,
						"percent_covered_display": "100",
						"missing_lines": 0,
						"excluded_lines": 0
					},
					"missing_lines": [],
					"excluded_lines": []
				},
				"PathConfig.checkpoints_dir": {
					"executed_lines": [85],
					"summary": {
						"covered_lines": 1,
						"num_statements": 1,
						"percent_covered": 100.0,
						"percent_covered_display": "100",
						"missing_lines": 0,
						"excluded_lines": 0
					},
					"missing_lines": [],
					"excluded_lines": []
				},
				"PathConfig.logs_dir": {
					"executed_lines": [90],
					"summary": {
						"covered_lines": 1,
						"num_statements": 1,
						"percent_covered": 100.0,
						"percent_covered_display": "100",
						"missing_lines": 0,
						"excluded_lines": 0
					},
					"missing_lines": [],
					"excluded_lines": []
				},
				"PathConfig.get_artifact_path": {
					"executed_lines": [105, 108, 109, 112, 113, 115],
					"summary": {
						"covered_lines": 6,
						"num_statements": 6,
						"percent_covered": 100.0,
						"percent_covered_display": "100",
						"missing_lines": 0,
						"excluded_lines": 0
					},
					"missing_lines": [],
					"excluded_lines": []
				},
				"PathConfig.ensure_base_exists": {
					"executed_lines": [119],
					"summary": {
						"covered_lines": 1,
						"num_statements": 1,
						"percent_covered": 100.0,
						"percent_covered_display": "100",
						"missing_lines": 0,
						"excluded_lines": 0
					},
					"missing_lines": [],
					"excluded_lines": []
				},
				"PathConfig.ensure_structure": {
					"executed_lines": [
						129, 132, 133, 134, 135, 138, 139, 140, 145, 146, 148, 149, 154, 155
					],
					"summary": {
						"covered_lines": 14,
						"num_statements": 14,
						"percent_covered": 100.0,
						"percent_covered_display": "100",
						"missing_lines": 0,
						"excluded_lines": 0
					},
					"missing_lines": [],
					"excluded_lines": []
				},
				"PathConfig.validate_path": {
					"executed_lines": [170, 171, 172, 173, 174, 176],
					"summary": {
						"covered_lines": 6,
						"num_statements": 6,
						"percent_covered": 100.0,
						"percent_covered_display": "100",
						"missing_lines": 0,
						"excluded_lines": 0
					},
					"missing_lines": [],
					"excluded_lines": []
				},
				"PathConfig.is_test_environment": {
					"executed_lines": [185, 189, 190, 193, 195, 196],
					"summary": {
						"covered_lines": 6,
						"num_statements": 8,
						"percent_covered": 75.0,
						"percent_covered_display": "75",
						"missing_lines": 2,
						"excluded_lines": 0
					},
					"missing_lines": [186, 198],
					"excluded_lines": []
				},
				"PathConfig.cleanup": {
					"executed_lines": [209, 210, 211, 216, 217],
					"summary": {
						"covered_lines": 5,
						"num_statements": 5,
						"percent_covered": 100.0,
						"percent_covered_display": "100",
						"missing_lines": 0,
						"excluded_lines": 0
					},
					"missing_lines": [],
					"excluded_lines": []
				},
				"PathConfig.create_test_instance": {
					"executed_lines": [229, 234],
					"summary": {
						"covered_lines": 2,
						"num_statements": 4,
						"percent_covered": 50.0,
						"percent_covered_display": "50",
						"missing_lines": 2,
						"excluded_lines": 0
					},
					"missing_lines": [230, 232],
					"excluded_lines": []
				},
				"PathConfig.test_isolation": {
					"executed_lines": [247, 248, 250, 251, 255],
					"summary": {
						"covered_lines": 5,
						"num_statements": 5,
						"percent_covered": 100.0,
						"percent_covered_display": "100",
						"missing_lines": 0,
						"excluded_lines": 0
					},
					"missing_lines": [],
					"excluded_lines": []
				},
				"PathConfig.__eq__": {
					"executed_lines": [259, 261],
					"summary": {
						"covered_lines": 2,
						"num_statements": 3,
						"percent_covered": 66.66666666666667,
						"percent_covered_display": "67",
						"missing_lines": 1,
						"excluded_lines": 0
					},
					"missing_lines": [260],
					"excluded_lines": []
				},
				"PathConfig.__hash__": {
					"executed_lines": [265],
					"summary": {
						"covered_lines": 1,
						"num_statements": 1,
						"percent_covered": 100.0,
						"percent_covered_display": "100",
						"missing_lines": 0,
						"excluded_lines": 0
					},
					"missing_lines": [],
					"excluded_lines": []
				},
				"PathConfig.__str__": {
					"executed_lines": [269],
					"summary": {
						"covered_lines": 1,
						"num_statements": 1,
						"percent_covered": 100.0,
						"percent_covered_display": "100",
						"missing_lines": 0,
						"excluded_lines": 0
					},
					"missing_lines": [],
					"excluded_lines": []
				},
				"PathConfig.__repr__": {
					"executed_lines": [273],
					"summary": {
						"covered_lines": 1,
						"num_statements": 1,
						"percent_covered": 100.0,
						"percent_covered_display": "100",
						"missing_lines": 0,
						"excluded_lines": 0
					},
					"missing_lines": [],
					"excluded_lines": []
				},
				"": {
					"executed_lines": [
						1, 8, 9, 10, 11, 12, 14, 17, 18, 28, 51, 52, 56, 57, 61, 62, 66, 67,
						72, 73, 77, 78, 82, 83, 87, 88, 92, 117, 121, 157, 178, 200, 219,
						220, 236, 237, 238, 257, 263, 267, 271
					],
					"summary": {
						"covered_lines": 39,
						"num_statements": 39,
						"percent_covered": 100.0,
						"percent_covered_display": "100",
						"missing_lines": 0,
						"excluded_lines": 0
					},
					"missing_lines": [],
					"excluded_lines": []
				}
			},
			"classes": {
				"PathConfig": {
					"executed_lines": [
						36, 38, 39, 41, 44, 47, 48, 54, 59, 64, 69, 75, 80, 85, 90, 105,
						108, 109, 112, 113, 115, 119, 129, 132, 133, 134, 135, 138, 139,
						140, 145, 146, 148, 149, 154, 155, 170, 171, 172, 173, 174, 176,
						185, 189, 190, 193, 195, 196, 209, 210, 211, 216, 217, 229, 234,
						247, 248, 250, 251, 255, 259, 261, 265, 269, 273
					],
					"summary": {
						"covered_lines": 65,
						"num_statements": 70,
						"percent_covered": 92.85714285714286,
						"percent_covered_display": "93",
						"missing_lines": 5,
						"excluded_lines": 0
					},
					"missing_lines": [186, 198, 230, 232, 260],
					"excluded_lines": []
				},
				"": {
					"executed_lines": [
						1, 8, 9, 10, 11, 12, 14, 17, 18, 28, 51, 52, 56, 57, 61, 62, 66, 67,
						72, 73, 77, 78, 82, 83, 87, 88, 92, 117, 121, 157, 178, 200, 219,
						220, 236, 237, 238, 257, 263, 267, 271
					],
					"summary": {
						"covered_lines": 39,
						"num_statements": 39,
						"percent_covered": 100.0,
						"percent_covered_display": "100",
						"missing_lines": 0,
						"excluded_lines": 0
					},
					"missing_lines": [],
					"excluded_lines": []
				}
			}
		}
	},
	"totals": {
		"covered_lines": 105,
		"num_statements": 110,
		"percent_covered": 95.45454545454545,
		"percent_covered_display": "95",
		"missing_lines": 5,
		"excluded_lines": 0
	}
}
