{
	"meta": {
		"format": 3,
		"version": "7.10.2",
		"timestamp": "2025-08-11T09:08:39.143320",
		"branch_coverage": false,
		"show_contexts": false
	},
	"files": {
		"verifflowcc/__init__.py": {
			"executed_lines": [1, 3],
			"summary": {
				"covered_lines": 1,
				"num_statements": 1,
				"percent_covered": 100.0,
				"percent_covered_display": "100",
				"missing_lines": 0,
				"excluded_lines": 0
			},
			"missing_lines": [],
			"excluded_lines": [],
			"functions": {
				"": {
					"executed_lines": [1, 3],
					"summary": {
						"covered_lines": 1,
						"num_statements": 1,
						"percent_covered": 100.0,
						"percent_covered_display": "100",
						"missing_lines": 0,
						"excluded_lines": 0
					},
					"missing_lines": [],
					"excluded_lines": []
				}
			},
			"classes": {
				"": {
					"executed_lines": [1, 3],
					"summary": {
						"covered_lines": 1,
						"num_statements": 1,
						"percent_covered": 100.0,
						"percent_covered_display": "100",
						"missing_lines": 0,
						"excluded_lines": 0
					},
					"missing_lines": [],
					"excluded_lines": []
				}
			}
		},
		"verifflowcc/agents/__init__.py": {
			"executed_lines": [1, 3, 4, 6],
			"summary": {
				"covered_lines": 3,
				"num_statements": 3,
				"percent_covered": 100.0,
				"percent_covered_display": "100",
				"missing_lines": 0,
				"excluded_lines": 0
			},
			"missing_lines": [],
			"excluded_lines": [],
			"functions": {
				"": {
					"executed_lines": [1, 3, 4, 6],
					"summary": {
						"covered_lines": 3,
						"num_statements": 3,
						"percent_covered": 100.0,
						"percent_covered_display": "100",
						"missing_lines": 0,
						"excluded_lines": 0
					},
					"missing_lines": [],
					"excluded_lines": []
				}
			},
			"classes": {
				"": {
					"executed_lines": [1, 3, 4, 6],
					"summary": {
						"covered_lines": 3,
						"num_statements": 3,
						"percent_covered": 100.0,
						"percent_covered_display": "100",
						"missing_lines": 0,
						"excluded_lines": 0
					},
					"missing_lines": [],
					"excluded_lines": []
				}
			}
		},
		"verifflowcc/agents/base.py": {
			"executed_lines": [
				1, 3, 4, 5, 6, 7, 10, 11, 13, 26, 27, 28, 29, 30, 32, 33, 44, 58, 65,
				66, 68, 69, 73, 90
			],
			"summary": {
				"covered_lines": 22,
				"num_statements": 40,
				"percent_covered": 55.0,
				"percent_covered_display": "55",
				"missing_lines": 18,
				"excluded_lines": 0
			},
			"missing_lines": [
				42, 53, 54, 55, 56, 71, 82, 83, 84, 85, 86, 87, 88, 99, 100, 101, 106,
				107
			],
			"excluded_lines": [],
			"functions": {
				"BaseAgent.__init__": {
					"executed_lines": [26, 27, 28, 29, 30],
					"summary": {
						"covered_lines": 5,
						"num_statements": 5,
						"percent_covered": 100.0,
						"percent_covered_display": "100",
						"missing_lines": 0,
						"excluded_lines": 0
					},
					"missing_lines": [],
					"excluded_lines": []
				},
				"BaseAgent.process": {
					"executed_lines": [],
					"summary": {
						"covered_lines": 0,
						"num_statements": 1,
						"percent_covered": 0.0,
						"percent_covered_display": "0",
						"missing_lines": 1,
						"excluded_lines": 0
					},
					"missing_lines": [42],
					"excluded_lines": []
				},
				"BaseAgent.load_prompt_template": {
					"executed_lines": [],
					"summary": {
						"covered_lines": 0,
						"num_statements": 4,
						"percent_covered": 0.0,
						"percent_covered_display": "0",
						"missing_lines": 4,
						"excluded_lines": 0
					},
					"missing_lines": [53, 54, 55, 56],
					"excluded_lines": []
				},
				"BaseAgent.save_artifact": {
					"executed_lines": [65, 66, 68, 69],
					"summary": {
						"covered_lines": 4,
						"num_statements": 5,
						"percent_covered": 80.0,
						"percent_covered_display": "80",
						"missing_lines": 1,
						"excluded_lines": 0
					},
					"missing_lines": [71],
					"excluded_lines": []
				},
				"BaseAgent.load_artifact": {
					"executed_lines": [],
					"summary": {
						"covered_lines": 0,
						"num_statements": 7,
						"percent_covered": 0.0,
						"percent_covered_display": "0",
						"missing_lines": 7,
						"excluded_lines": 0
					},
					"missing_lines": [82, 83, 84, 85, 86, 87, 88],
					"excluded_lines": []
				},
				"BaseAgent.execute": {
					"executed_lines": [],
					"summary": {
						"covered_lines": 0,
						"num_statements": 5,
						"percent_covered": 0.0,
						"percent_covered_display": "0",
						"missing_lines": 5,
						"excluded_lines": 0
					},
					"missing_lines": [99, 100, 101, 106, 107],
					"excluded_lines": []
				},
				"": {
					"executed_lines": [
						1, 3, 4, 5, 6, 7, 10, 11, 13, 32, 33, 44, 58, 73, 90
					],
					"summary": {
						"covered_lines": 13,
						"num_statements": 13,
						"percent_covered": 100.0,
						"percent_covered_display": "100",
						"missing_lines": 0,
						"excluded_lines": 0
					},
					"missing_lines": [],
					"excluded_lines": []
				}
			},
			"classes": {
				"BaseAgent": {
					"executed_lines": [26, 27, 28, 29, 30, 65, 66, 68, 69],
					"summary": {
						"covered_lines": 9,
						"num_statements": 27,
						"percent_covered": 33.333333333333336,
						"percent_covered_display": "33",
						"missing_lines": 18,
						"excluded_lines": 0
					},
					"missing_lines": [
						42, 53, 54, 55, 56, 71, 82, 83, 84, 85, 86, 87, 88, 99, 100, 101,
						106, 107
					],
					"excluded_lines": []
				},
				"": {
					"executed_lines": [
						1, 3, 4, 5, 6, 7, 10, 11, 13, 32, 33, 44, 58, 73, 90
					],
					"summary": {
						"covered_lines": 13,
						"num_statements": 13,
						"percent_covered": 100.0,
						"percent_covered_display": "100",
						"missing_lines": 0,
						"excluded_lines": 0
					},
					"missing_lines": [],
					"excluded_lines": []
				}
			}
		},
		"verifflowcc/agents/requirements_analyst.py": {
			"executed_lines": [
				1, 3, 4, 5, 6, 7, 9, 12, 13, 15, 17, 24, 33, 34, 38, 41, 47, 49, 51, 66,
				82, 83, 89, 94, 100, 102, 109, 110, 115, 118, 120, 121, 122, 123, 125,
				131, 137, 139
			],
			"summary": {
				"covered_lines": 36,
				"num_statements": 58,
				"percent_covered": 62.06896551724138,
				"percent_covered_display": "62",
				"missing_lines": 22,
				"excluded_lines": 0
			},
			"missing_lines": [
				111, 112, 126, 127, 128, 129, 132, 133, 134, 135, 148, 162, 163, 164,
				165, 168, 169, 170, 173, 174, 175, 177
			],
			"excluded_lines": [],
			"functions": {
				"RequirementsAnalystAgent.__init__": {
					"executed_lines": [17],
					"summary": {
						"covered_lines": 1,
						"num_statements": 1,
						"percent_covered": 100.0,
						"percent_covered_display": "100",
						"missing_lines": 0,
						"excluded_lines": 0
					},
					"missing_lines": [],
					"excluded_lines": []
				},
				"RequirementsAnalystAgent.process": {
					"executed_lines": [33, 34, 38, 41, 47, 49],
					"summary": {
						"covered_lines": 6,
						"num_statements": 6,
						"percent_covered": 100.0,
						"percent_covered_display": "100",
						"missing_lines": 0,
						"excluded_lines": 0
					},
					"missing_lines": [],
					"excluded_lines": []
				},
				"RequirementsAnalystAgent._analyze_requirements": {
					"executed_lines": [66, 82, 83, 89, 94, 100],
					"summary": {
						"covered_lines": 6,
						"num_statements": 6,
						"percent_covered": 100.0,
						"percent_covered_display": "100",
						"missing_lines": 0,
						"excluded_lines": 0
					},
					"missing_lines": [],
					"excluded_lines": []
				},
				"RequirementsAnalystAgent._update_backlog": {
					"executed_lines": [
						109, 110, 115, 118, 120, 121, 122, 123, 125, 131, 137
					],
					"summary": {
						"covered_lines": 11,
						"num_statements": 21,
						"percent_covered": 52.38095238095238,
						"percent_covered_display": "52",
						"missing_lines": 10,
						"excluded_lines": 0
					},
					"missing_lines": [111, 112, 126, 127, 128, 129, 132, 133, 134, 135],
					"excluded_lines": []
				},
				"RequirementsAnalystAgent.validate_requirements": {
					"executed_lines": [],
					"summary": {
						"covered_lines": 0,
						"num_statements": 12,
						"percent_covered": 0.0,
						"percent_covered_display": "0",
						"missing_lines": 12,
						"excluded_lines": 0
					},
					"missing_lines": [
						148, 162, 163, 164, 165, 168, 169, 170, 173, 174, 175, 177
					],
					"excluded_lines": []
				},
				"": {
					"executed_lines": [1, 3, 4, 5, 6, 7, 9, 12, 13, 15, 24, 51, 102, 139],
					"summary": {
						"covered_lines": 12,
						"num_statements": 12,
						"percent_covered": 100.0,
						"percent_covered_display": "100",
						"missing_lines": 0,
						"excluded_lines": 0
					},
					"missing_lines": [],
					"excluded_lines": []
				}
			},
			"classes": {
				"RequirementsAnalystAgent": {
					"executed_lines": [
						17, 33, 34, 38, 41, 47, 49, 66, 82, 83, 89, 94, 100, 109, 110, 115,
						118, 120, 121, 122, 123, 125, 131, 137
					],
					"summary": {
						"covered_lines": 24,
						"num_statements": 46,
						"percent_covered": 52.17391304347826,
						"percent_covered_display": "52",
						"missing_lines": 22,
						"excluded_lines": 0
					},
					"missing_lines": [
						111, 112, 126, 127, 128, 129, 132, 133, 134, 135, 148, 162, 163,
						164, 165, 168, 169, 170, 173, 174, 175, 177
					],
					"excluded_lines": []
				},
				"": {
					"executed_lines": [1, 3, 4, 5, 6, 7, 9, 12, 13, 15, 24, 51, 102, 139],
					"summary": {
						"covered_lines": 12,
						"num_statements": 12,
						"percent_covered": 100.0,
						"percent_covered_display": "100",
						"missing_lines": 0,
						"excluded_lines": 0
					},
					"missing_lines": [],
					"excluded_lines": []
				}
			}
		},
		"verifflowcc/cli.py": {
			"executed_lines": [
				1, 3, 4, 5, 6, 7, 8, 9, 11, 12, 13, 14, 15, 16, 17, 20, 27, 30, 31, 34,
				41, 44, 45, 59, 64, 65, 88, 89, 92, 93, 94, 97, 98, 99, 100, 104, 153,
				154, 157, 165, 166, 170, 184, 185, 189, 213, 214, 216, 232, 233, 246,
				248, 249, 250, 253, 254, 259, 260, 261, 262, 263, 264, 265, 266, 268,
				269, 270, 273, 274, 275, 276, 277, 292, 293, 294, 296, 297, 299, 300,
				303, 304, 306, 308, 309, 316, 318, 319, 320, 327, 337, 338, 353, 355,
				356, 357, 360, 361, 362, 364, 367, 368, 370, 371, 375, 376, 379, 382,
				383, 385, 395, 397, 399, 401, 404, 412, 415, 417, 480, 481, 494, 496,
				497, 498, 501, 502, 503, 505, 506, 509, 510, 511, 513, 514, 515, 517,
				518, 520, 521, 523, 526, 527, 541, 543, 544, 545, 547, 549, 551, 552,
				578, 579, 600, 601, 603, 605, 610, 611, 614, 619, 620, 623, 633, 634,
				635, 638, 657, 658, 659, 661, 667, 668, 670, 672, 676, 677, 680, 681,
				684, 685, 688, 692, 693, 694, 695, 696, 698, 699, 700, 701, 702, 704,
				711, 714, 715, 725, 727, 732, 733, 735, 737, 741, 746, 755, 756, 758,
				759, 761, 767, 778, 787
			],
			"summary": {
				"covered_lines": 209,
				"num_statements": 282,
				"percent_covered": 74.11347517730496,
				"percent_covered_display": "74",
				"missing_lines": 73,
				"excluded_lines": 0
			},
			"missing_lines": [
				36, 37, 60, 61, 255, 256, 280, 281, 282, 284, 289, 322, 323, 324, 325,
				372, 373, 380, 426, 430, 439, 441, 443, 445, 450, 451, 453, 454, 457,
				458, 459, 460, 461, 462, 463, 464, 466, 475, 476, 477, 564, 575, 606,
				607, 640, 644, 645, 647, 648, 649, 650, 653, 654, 673, 674, 686, 689,
				690, 703, 728, 729, 738, 739, 742, 743, 747, 748, 749, 751, 752, 770,
				781, 788
			],
			"excluded_lines": [],
			"functions": {
				"handle_keyboard_interrupt": {
					"executed_lines": [],
					"summary": {
						"covered_lines": 0,
						"num_statements": 2,
						"percent_covered": 0.0,
						"percent_covered_display": "0",
						"missing_lines": 2,
						"excluded_lines": 0
					},
					"missing_lines": [36, 37],
					"excluded_lines": []
				},
				"main": {
					"executed_lines": [59],
					"summary": {
						"covered_lines": 1,
						"num_statements": 3,
						"percent_covered": 33.333333333333336,
						"percent_covered_display": "33",
						"missing_lines": 2,
						"excluded_lines": 0
					},
					"missing_lines": [60, 61],
					"excluded_lines": []
				},
				"init": {
					"executed_lines": [
						88, 89, 92, 93, 94, 97, 98, 99, 100, 104, 153, 154, 157, 165, 166,
						170, 184, 185, 189, 213, 214, 216
					],
					"summary": {
						"covered_lines": 22,
						"num_statements": 22,
						"percent_covered": 100.0,
						"percent_covered_display": "100",
						"missing_lines": 0,
						"excluded_lines": 0
					},
					"missing_lines": [],
					"excluded_lines": []
				},
				"plan": {
					"executed_lines": [
						246, 248, 249, 250, 253, 254, 259, 260, 261, 262, 263, 264, 265,
						266, 268, 269, 270, 273, 274, 275, 276, 277, 292, 293, 294, 296,
						297, 299, 300, 303, 304, 306, 308, 309, 316, 318, 319, 320, 327
					],
					"summary": {
						"covered_lines": 39,
						"num_statements": 50,
						"percent_covered": 78.0,
						"percent_covered_display": "78",
						"missing_lines": 11,
						"excluded_lines": 0
					},
					"missing_lines": [
						255, 256, 280, 281, 282, 284, 289, 322, 323, 324, 325
					],
					"excluded_lines": []
				},
				"sprint": {
					"executed_lines": [
						353, 355, 356, 357, 360, 361, 362, 364, 367, 368, 370, 371, 375,
						376, 379, 382, 383, 385, 395, 397, 399, 401, 404, 412, 415, 417
					],
					"summary": {
						"covered_lines": 26,
						"num_statements": 51,
						"percent_covered": 50.98039215686274,
						"percent_covered_display": "51",
						"missing_lines": 25,
						"excluded_lines": 0
					},
					"missing_lines": [
						372, 373, 380, 426, 430, 439, 441, 443, 445, 450, 451, 453, 454,
						457, 458, 459, 460, 461, 462, 463, 464, 466, 475, 476, 477
					],
					"excluded_lines": []
				},
				"status": {
					"executed_lines": [
						494, 496, 497, 498, 501, 502, 503, 505, 506, 509, 510, 511, 513,
						514, 515, 517, 518, 520, 521, 523
					],
					"summary": {
						"covered_lines": 20,
						"num_statements": 20,
						"percent_covered": 100.0,
						"percent_covered_display": "100",
						"missing_lines": 0,
						"excluded_lines": 0
					},
					"missing_lines": [],
					"excluded_lines": []
				},
				"validate": {
					"executed_lines": [541, 543, 544, 545, 547, 549, 551, 552],
					"summary": {
						"covered_lines": 8,
						"num_statements": 10,
						"percent_covered": 80.0,
						"percent_covered_display": "80",
						"missing_lines": 2,
						"excluded_lines": 0
					},
					"missing_lines": [564, 575],
					"excluded_lines": []
				},
				"checkpoint": {
					"executed_lines": [
						600, 601, 603, 605, 610, 611, 614, 619, 620, 623, 633, 634, 635,
						638, 657, 658, 659, 661
					],
					"summary": {
						"covered_lines": 18,
						"num_statements": 29,
						"percent_covered": 62.06896551724138,
						"percent_covered_display": "62",
						"missing_lines": 11,
						"excluded_lines": 0
					},
					"missing_lines": [
						606, 607, 640, 644, 645, 647, 648, 649, 650, 653, 654
					],
					"excluded_lines": []
				},
				"checkpoint_list": {
					"executed_lines": [
						670, 672, 676, 677, 680, 681, 684, 685, 688, 692, 693, 694, 695,
						696, 698, 699, 700, 701, 702, 704, 711
					],
					"summary": {
						"covered_lines": 21,
						"num_statements": 27,
						"percent_covered": 77.77777777777777,
						"percent_covered_display": "78",
						"missing_lines": 6,
						"excluded_lines": 0
					},
					"missing_lines": [673, 674, 686, 689, 690, 703],
					"excluded_lines": []
				},
				"checkpoint_restore": {
					"executed_lines": [
						725, 727, 732, 733, 735, 737, 741, 746, 755, 756, 758, 759, 761
					],
					"summary": {
						"covered_lines": 13,
						"num_statements": 24,
						"percent_covered": 54.166666666666664,
						"percent_covered_display": "54",
						"missing_lines": 11,
						"excluded_lines": 0
					},
					"missing_lines": [
						728, 729, 738, 739, 742, 743, 747, 748, 749, 751, 752
					],
					"excluded_lines": []
				},
				"run_validation": {
					"executed_lines": [],
					"summary": {
						"covered_lines": 0,
						"num_statements": 1,
						"percent_covered": 0.0,
						"percent_covered_display": "0",
						"missing_lines": 1,
						"excluded_lines": 0
					},
					"missing_lines": [770],
					"excluded_lines": []
				},
				"simulate_stage_execution": {
					"executed_lines": [],
					"summary": {
						"covered_lines": 0,
						"num_statements": 1,
						"percent_covered": 0.0,
						"percent_covered_display": "0",
						"missing_lines": 1,
						"excluded_lines": 0
					},
					"missing_lines": [781],
					"excluded_lines": []
				},
				"": {
					"executed_lines": [
						1, 3, 4, 5, 6, 7, 8, 9, 11, 12, 13, 14, 15, 16, 17, 20, 27, 30, 31,
						34, 41, 44, 45, 64, 65, 232, 233, 337, 338, 480, 481, 526, 527, 578,
						579, 667, 668, 714, 715, 767, 778, 787
					],
					"summary": {
						"covered_lines": 41,
						"num_statements": 42,
						"percent_covered": 97.61904761904762,
						"percent_covered_display": "98",
						"missing_lines": 1,
						"excluded_lines": 0
					},
					"missing_lines": [788],
					"excluded_lines": []
				}
			},
			"classes": {
				"": {
					"executed_lines": [
						1, 3, 4, 5, 6, 7, 8, 9, 11, 12, 13, 14, 15, 16, 17, 20, 27, 30, 31,
						34, 41, 44, 45, 59, 64, 65, 88, 89, 92, 93, 94, 97, 98, 99, 100,
						104, 153, 154, 157, 165, 166, 170, 184, 185, 189, 213, 214, 216,
						232, 233, 246, 248, 249, 250, 253, 254, 259, 260, 261, 262, 263,
						264, 265, 266, 268, 269, 270, 273, 274, 275, 276, 277, 292, 293,
						294, 296, 297, 299, 300, 303, 304, 306, 308, 309, 316, 318, 319,
						320, 327, 337, 338, 353, 355, 356, 357, 360, 361, 362, 364, 367,
						368, 370, 371, 375, 376, 379, 382, 383, 385, 395, 397, 399, 401,
						404, 412, 415, 417, 480, 481, 494, 496, 497, 498, 501, 502, 503,
						505, 506, 509, 510, 511, 513, 514, 515, 517, 518, 520, 521, 523,
						526, 527, 541, 543, 544, 545, 547, 549, 551, 552, 578, 579, 600,
						601, 603, 605, 610, 611, 614, 619, 620, 623, 633, 634, 635, 638,
						657, 658, 659, 661, 667, 668, 670, 672, 676, 677, 680, 681, 684,
						685, 688, 692, 693, 694, 695, 696, 698, 699, 700, 701, 702, 704,
						711, 714, 715, 725, 727, 732, 733, 735, 737, 741, 746, 755, 756,
						758, 759, 761, 767, 778, 787
					],
					"summary": {
						"covered_lines": 209,
						"num_statements": 282,
						"percent_covered": 74.11347517730496,
						"percent_covered_display": "74",
						"missing_lines": 73,
						"excluded_lines": 0
					},
					"missing_lines": [
						36, 37, 60, 61, 255, 256, 280, 281, 282, 284, 289, 322, 323, 324,
						325, 372, 373, 380, 426, 430, 439, 441, 443, 445, 450, 451, 453,
						454, 457, 458, 459, 460, 461, 462, 463, 464, 466, 475, 476, 477,
						564, 575, 606, 607, 640, 644, 645, 647, 648, 649, 650, 653, 654,
						673, 674, 686, 689, 690, 703, 728, 729, 738, 739, 742, 743, 747,
						748, 749, 751, 752, 770, 781, 788
					],
					"excluded_lines": []
				}
			}
		},
		"verifflowcc/core/__init__.py": {
			"executed_lines": [1, 3, 5],
			"summary": {
				"covered_lines": 2,
				"num_statements": 2,
				"percent_covered": 100.0,
				"percent_covered_display": "100",
				"missing_lines": 0,
				"excluded_lines": 0
			},
			"missing_lines": [],
			"excluded_lines": [],
			"functions": {
				"": {
					"executed_lines": [1, 3, 5],
					"summary": {
						"covered_lines": 2,
						"num_statements": 2,
						"percent_covered": 100.0,
						"percent_covered_display": "100",
						"missing_lines": 0,
						"excluded_lines": 0
					},
					"missing_lines": [],
					"excluded_lines": []
				}
			},
			"classes": {
				"": {
					"executed_lines": [1, 3, 5],
					"summary": {
						"covered_lines": 2,
						"num_statements": 2,
						"percent_covered": 100.0,
						"percent_covered_display": "100",
						"missing_lines": 0,
						"excluded_lines": 0
					},
					"missing_lines": [],
					"excluded_lines": []
				}
			}
		},
		"verifflowcc/core/git_integration.py": {
			"executed_lines": [
				1, 3, 4, 5, 6, 9, 10, 12, 18, 20, 26, 27, 29, 47, 65, 111, 140, 177,
				217, 244
			],
			"summary": {
				"covered_lines": 18,
				"num_statements": 92,
				"percent_covered": 19.565217391304348,
				"percent_covered_display": "20",
				"missing_lines": 74,
				"excluded_lines": 0
			},
			"missing_lines": [
				35, 36, 43, 44, 45, 53, 54, 61, 62, 63, 75, 76, 78, 80, 88, 89, 98, 106,
				108, 109, 121, 122, 124, 125, 126, 128, 129, 135, 137, 138, 146, 147,
				149, 150, 158, 159, 160, 161, 162, 163, 164, 165, 166, 172, 174, 175,
				187, 188, 190, 191, 193, 195, 197, 205, 212, 214, 215, 226, 227, 229,
				231, 232, 239, 241, 242, 253, 254, 256, 257, 258, 259, 260, 261, 262
			],
			"excluded_lines": [],
			"functions": {
				"GitIntegration.__init__": {
					"executed_lines": [18],
					"summary": {
						"covered_lines": 1,
						"num_statements": 1,
						"percent_covered": 100.0,
						"percent_covered_display": "100",
						"missing_lines": 0,
						"excluded_lines": 0
					},
					"missing_lines": [],
					"excluded_lines": []
				},
				"GitIntegration.is_git_repo": {
					"executed_lines": [26, 27],
					"summary": {
						"covered_lines": 2,
						"num_statements": 2,
						"percent_covered": 100.0,
						"percent_covered_display": "100",
						"missing_lines": 0,
						"excluded_lines": 0
					},
					"missing_lines": [],
					"excluded_lines": []
				},
				"GitIntegration.get_current_branch": {
					"executed_lines": [],
					"summary": {
						"covered_lines": 0,
						"num_statements": 5,
						"percent_covered": 0.0,
						"percent_covered_display": "0",
						"missing_lines": 5,
						"excluded_lines": 0
					},
					"missing_lines": [35, 36, 43, 44, 45],
					"excluded_lines": []
				},
				"GitIntegration.has_uncommitted_changes": {
					"executed_lines": [],
					"summary": {
						"covered_lines": 0,
						"num_statements": 5,
						"percent_covered": 0.0,
						"percent_covered_display": "0",
						"missing_lines": 5,
						"excluded_lines": 0
					},
					"missing_lines": [53, 54, 61, 62, 63],
					"excluded_lines": []
				},
				"GitIntegration.create_checkpoint_commit": {
					"executed_lines": [],
					"summary": {
						"covered_lines": 0,
						"num_statements": 10,
						"percent_covered": 0.0,
						"percent_covered_display": "0",
						"missing_lines": 10,
						"excluded_lines": 0
					},
					"missing_lines": [75, 76, 78, 80, 88, 89, 98, 106, 108, 109],
					"excluded_lines": []
				},
				"GitIntegration.create_checkpoint_tag": {
					"executed_lines": [],
					"summary": {
						"covered_lines": 0,
						"num_statements": 10,
						"percent_covered": 0.0,
						"percent_covered_display": "0",
						"missing_lines": 10,
						"excluded_lines": 0
					},
					"missing_lines": [121, 122, 124, 125, 126, 128, 129, 135, 137, 138],
					"excluded_lines": []
				},
				"GitIntegration.list_checkpoint_tags": {
					"executed_lines": [],
					"summary": {
						"covered_lines": 0,
						"num_statements": 16,
						"percent_covered": 0.0,
						"percent_covered_display": "0",
						"missing_lines": 16,
						"excluded_lines": 0
					},
					"missing_lines": [
						146, 147, 149, 150, 158, 159, 160, 161, 162, 163, 164, 165, 166,
						172, 174, 175
					],
					"excluded_lines": []
				},
				"GitIntegration.restore_checkpoint": {
					"executed_lines": [],
					"summary": {
						"covered_lines": 0,
						"num_statements": 11,
						"percent_covered": 0.0,
						"percent_covered_display": "0",
						"missing_lines": 11,
						"excluded_lines": 0
					},
					"missing_lines": [
						187, 188, 190, 191, 193, 195, 197, 205, 212, 214, 215
					],
					"excluded_lines": []
				},
				"GitIntegration.get_checkpoint_diff": {
					"executed_lines": [],
					"summary": {
						"covered_lines": 0,
						"num_statements": 8,
						"percent_covered": 0.0,
						"percent_covered_display": "0",
						"missing_lines": 8,
						"excluded_lines": 0
					},
					"missing_lines": [226, 227, 229, 231, 232, 239, 241, 242],
					"excluded_lines": []
				},
				"GitIntegration.auto_checkpoint_on_stage_complete": {
					"executed_lines": [],
					"summary": {
						"covered_lines": 0,
						"num_statements": 9,
						"percent_covered": 0.0,
						"percent_covered_display": "0",
						"missing_lines": 9,
						"excluded_lines": 0
					},
					"missing_lines": [253, 254, 256, 257, 258, 259, 260, 261, 262],
					"excluded_lines": []
				},
				"": {
					"executed_lines": [
						1, 3, 4, 5, 6, 9, 10, 12, 20, 29, 47, 65, 111, 140, 177, 217, 244
					],
					"summary": {
						"covered_lines": 15,
						"num_statements": 15,
						"percent_covered": 100.0,
						"percent_covered_display": "100",
						"missing_lines": 0,
						"excluded_lines": 0
					},
					"missing_lines": [],
					"excluded_lines": []
				}
			},
			"classes": {
				"GitIntegration": {
					"executed_lines": [18, 26, 27],
					"summary": {
						"covered_lines": 3,
						"num_statements": 77,
						"percent_covered": 3.896103896103896,
						"percent_covered_display": "4",
						"missing_lines": 74,
						"excluded_lines": 0
					},
					"missing_lines": [
						35, 36, 43, 44, 45, 53, 54, 61, 62, 63, 75, 76, 78, 80, 88, 89, 98,
						106, 108, 109, 121, 122, 124, 125, 126, 128, 129, 135, 137, 138,
						146, 147, 149, 150, 158, 159, 160, 161, 162, 163, 164, 165, 166,
						172, 174, 175, 187, 188, 190, 191, 193, 195, 197, 205, 212, 214,
						215, 226, 227, 229, 231, 232, 239, 241, 242, 253, 254, 256, 257,
						258, 259, 260, 261, 262
					],
					"excluded_lines": []
				},
				"": {
					"executed_lines": [
						1, 3, 4, 5, 6, 9, 10, 12, 20, 29, 47, 65, 111, 140, 177, 217, 244
					],
					"summary": {
						"covered_lines": 15,
						"num_statements": 15,
						"percent_covered": 100.0,
						"percent_covered_display": "100",
						"missing_lines": 0,
						"excluded_lines": 0
					},
					"missing_lines": [],
					"excluded_lines": []
				}
			}
		},
		"verifflowcc/core/orchestrator.py": {
			"executed_lines": [
				1, 3, 4, 5, 6, 7, 8, 10, 11, 12, 13, 15, 18, 19, 20, 21, 22, 23, 24, 25,
				26, 27, 30, 31, 32, 33, 34, 37, 38, 40, 46, 47, 48, 49, 50, 51, 52, 53,
				55, 57, 59, 70, 77, 79, 82, 104, 106, 114, 125, 170, 193, 231, 303, 317,
				333, 366
			],
			"summary": {
				"covered_lines": 52,
				"num_statements": 161,
				"percent_covered": 32.298136645962735,
				"percent_covered_display": "32",
				"missing_lines": 109,
				"excluded_lines": 0
			},
			"missing_lines": [
				58, 72, 73, 74, 75, 80, 81, 121, 122, 123, 135, 136, 139, 140, 141, 142,
				145, 148, 150, 151, 152, 154, 155, 156, 158, 161, 162, 165, 166, 168,
				180, 181, 182, 183, 186, 203, 204, 206, 207, 210, 211, 213, 215, 216,
				217, 218, 220, 221, 222, 223, 225, 240, 241, 242, 244, 252, 260, 267,
				274, 275, 276, 277, 278, 279, 280, 281, 282, 283, 286, 287, 288, 289,
				290, 291, 292, 293, 294, 295, 297, 298, 299, 301, 309, 319, 321, 322,
				323, 325, 326, 327, 328, 329, 331, 343, 352, 353, 354, 355, 358, 362,
				364, 375, 376, 377, 379, 380, 381, 382, 384
			],
			"excluded_lines": [],
			"functions": {
				"Orchestrator.__init__": {
					"executed_lines": [46, 47, 48, 49, 50, 51, 52, 53],
					"summary": {
						"covered_lines": 8,
						"num_statements": 8,
						"percent_covered": 100.0,
						"percent_covered_display": "100",
						"missing_lines": 0,
						"excluded_lines": 0
					},
					"missing_lines": [],
					"excluded_lines": []
				},
				"Orchestrator._load_state": {
					"executed_lines": [57, 59],
					"summary": {
						"covered_lines": 2,
						"num_statements": 3,
						"percent_covered": 66.66666666666667,
						"percent_covered_display": "67",
						"missing_lines": 1,
						"excluded_lines": 0
					},
					"missing_lines": [58],
					"excluded_lines": []
				},
				"Orchestrator._save_state": {
					"executed_lines": [],
					"summary": {
						"covered_lines": 0,
						"num_statements": 4,
						"percent_covered": 0.0,
						"percent_covered_display": "0",
						"missing_lines": 4,
						"excluded_lines": 0
					},
					"missing_lines": [72, 73, 74, 75],
					"excluded_lines": []
				},
				"Orchestrator._load_config": {
					"executed_lines": [79, 82],
					"summary": {
						"covered_lines": 2,
						"num_statements": 4,
						"percent_covered": 50.0,
						"percent_covered_display": "50",
						"missing_lines": 2,
						"excluded_lines": 0
					},
					"missing_lines": [80, 81],
					"excluded_lines": []
				},
				"Orchestrator._initialize_agents": {
					"executed_lines": [106],
					"summary": {
						"covered_lines": 1,
						"num_statements": 1,
						"percent_covered": 100.0,
						"percent_covered_display": "100",
						"missing_lines": 0,
						"excluded_lines": 0
					},
					"missing_lines": [],
					"excluded_lines": []
				},
				"Orchestrator.register_callback": {
					"executed_lines": [],
					"summary": {
						"covered_lines": 0,
						"num_statements": 3,
						"percent_covered": 0.0,
						"percent_covered_display": "0",
						"missing_lines": 3,
						"excluded_lines": 0
					},
					"missing_lines": [121, 122, 123],
					"excluded_lines": []
				},
				"Orchestrator.execute_stage": {
					"executed_lines": [],
					"summary": {
						"covered_lines": 0,
						"num_statements": 20,
						"percent_covered": 0.0,
						"percent_covered_display": "0",
						"missing_lines": 20,
						"excluded_lines": 0
					},
					"missing_lines": [
						135, 136, 139, 140, 141, 142, 145, 148, 150, 151, 152, 154, 155,
						156, 158, 161, 162, 165, 166, 168
					],
					"excluded_lines": []
				},
				"Orchestrator._execute_stage_logic": {
					"executed_lines": [],
					"summary": {
						"covered_lines": 0,
						"num_statements": 5,
						"percent_covered": 0.0,
						"percent_covered_display": "0",
						"missing_lines": 5,
						"excluded_lines": 0
					},
					"missing_lines": [180, 181, 182, 183, 186],
					"excluded_lines": []
				},
				"Orchestrator._apply_gating": {
					"executed_lines": [],
					"summary": {
						"covered_lines": 0,
						"num_statements": 16,
						"percent_covered": 0.0,
						"percent_covered_display": "0",
						"missing_lines": 16,
						"excluded_lines": 0
					},
					"missing_lines": [
						203, 204, 206, 207, 210, 211, 213, 215, 216, 217, 218, 220, 221,
						222, 223, 225
					],
					"excluded_lines": []
				},
				"Orchestrator.run_sprint": {
					"executed_lines": [],
					"summary": {
						"covered_lines": 0,
						"num_statements": 31,
						"percent_covered": 0.0,
						"percent_covered_display": "0",
						"missing_lines": 31,
						"excluded_lines": 0
					},
					"missing_lines": [
						240, 241, 242, 244, 252, 260, 267, 274, 275, 276, 277, 278, 279,
						280, 281, 282, 283, 286, 287, 288, 289, 290, 291, 292, 293, 294,
						295, 297, 298, 299, 301
					],
					"excluded_lines": []
				},
				"Orchestrator.get_status": {
					"executed_lines": [],
					"summary": {
						"covered_lines": 0,
						"num_statements": 1,
						"percent_covered": 0.0,
						"percent_covered_display": "0",
						"missing_lines": 1,
						"excluded_lines": 0
					},
					"missing_lines": [309],
					"excluded_lines": []
				},
				"Orchestrator.display_status": {
					"executed_lines": [],
					"summary": {
						"covered_lines": 0,
						"num_statements": 10,
						"percent_covered": 0.0,
						"percent_covered_display": "0",
						"missing_lines": 10,
						"excluded_lines": 0
					},
					"missing_lines": [319, 321, 322, 323, 325, 326, 327, 328, 329, 331],
					"excluded_lines": []
				},
				"Orchestrator.checkpoint": {
					"executed_lines": [],
					"summary": {
						"covered_lines": 0,
						"num_statements": 8,
						"percent_covered": 0.0,
						"percent_covered_display": "0",
						"missing_lines": 8,
						"excluded_lines": 0
					},
					"missing_lines": [343, 352, 353, 354, 355, 358, 362, 364],
					"excluded_lines": []
				},
				"Orchestrator.restore_checkpoint": {
					"executed_lines": [],
					"summary": {
						"covered_lines": 0,
						"num_statements": 8,
						"percent_covered": 0.0,
						"percent_covered_display": "0",
						"missing_lines": 8,
						"excluded_lines": 0
					},
					"missing_lines": [375, 376, 377, 379, 380, 381, 382, 384],
					"excluded_lines": []
				},
				"": {
					"executed_lines": [
						1, 3, 4, 5, 6, 7, 8, 10, 11, 12, 13, 15, 18, 19, 20, 21, 22, 23, 24,
						25, 26, 27, 30, 31, 32, 33, 34, 37, 38, 40, 55, 70, 77, 104, 114,
						125, 170, 193, 231, 303, 317, 333, 366
					],
					"summary": {
						"covered_lines": 39,
						"num_statements": 39,
						"percent_covered": 100.0,
						"percent_covered_display": "100",
						"missing_lines": 0,
						"excluded_lines": 0
					},
					"missing_lines": [],
					"excluded_lines": []
				}
			},
			"classes": {
				"VModelStage": {
					"executed_lines": [],
					"summary": {
						"covered_lines": 0,
						"num_statements": 0,
						"percent_covered": 100.0,
						"percent_covered_display": "100",
						"missing_lines": 0,
						"excluded_lines": 0
					},
					"missing_lines": [],
					"excluded_lines": []
				},
				"GatingMode": {
					"executed_lines": [],
					"summary": {
						"covered_lines": 0,
						"num_statements": 0,
						"percent_covered": 100.0,
						"percent_covered_display": "100",
						"missing_lines": 0,
						"excluded_lines": 0
					},
					"missing_lines": [],
					"excluded_lines": []
				},
				"Orchestrator": {
					"executed_lines": [
						46, 47, 48, 49, 50, 51, 52, 53, 57, 59, 79, 82, 106
					],
					"summary": {
						"covered_lines": 13,
						"num_statements": 122,
						"percent_covered": 10.655737704918034,
						"percent_covered_display": "11",
						"missing_lines": 109,
						"excluded_lines": 0
					},
					"missing_lines": [
						58, 72, 73, 74, 75, 80, 81, 121, 122, 123, 135, 136, 139, 140, 141,
						142, 145, 148, 150, 151, 152, 154, 155, 156, 158, 161, 162, 165,
						166, 168, 180, 181, 182, 183, 186, 203, 204, 206, 207, 210, 211,
						213, 215, 216, 217, 218, 220, 221, 222, 223, 225, 240, 241, 242,
						244, 252, 260, 267, 274, 275, 276, 277, 278, 279, 280, 281, 282,
						283, 286, 287, 288, 289, 290, 291, 292, 293, 294, 295, 297, 298,
						299, 301, 309, 319, 321, 322, 323, 325, 326, 327, 328, 329, 331,
						343, 352, 353, 354, 355, 358, 362, 364, 375, 376, 377, 379, 380,
						381, 382, 384
					],
					"excluded_lines": []
				},
				"": {
					"executed_lines": [
						1, 3, 4, 5, 6, 7, 8, 10, 11, 12, 13, 15, 18, 19, 20, 21, 22, 23, 24,
						25, 26, 27, 30, 31, 32, 33, 34, 37, 38, 40, 55, 70, 77, 104, 114,
						125, 170, 193, 231, 303, 317, 333, 366
					],
					"summary": {
						"covered_lines": 39,
						"num_statements": 39,
						"percent_covered": 100.0,
						"percent_covered_display": "100",
						"missing_lines": 0,
						"excluded_lines": 0
					},
					"missing_lines": [],
					"excluded_lines": []
				}
			}
		}
	},
	"totals": {
		"covered_lines": 343,
		"num_statements": 639,
		"percent_covered": 53.677621283255085,
		"percent_covered_display": "54",
		"missing_lines": 296,
		"excluded_lines": 0
	}
}
